<?xml version="1.0" encoding="UTF-8"?>
<!-- Generated by org.testng.reporters.JUnitReportReporter -->
<testsuite hostname="LAPTOP-AEUPI2F9" name="appiumFramework.Demo" tests="1" failures="0" timestamp="24 Mar 2021 08:36:42 GMT" time="95.487" errors="0">
  <testcase name="test4" time="95.487" classname="appiumFramework.Demo"/>
</testsuite> <!-- appiumFramework.Demo -->
